\BOOKMARK [1][-]{section.1}{Hydrogen Wavefunction Divergence in Klein-Gordon Equation and Schrödinger Equation}{}% 1
\BOOKMARK [2][-]{subsection.1.1}{The\040Klein-Gordon\040part}{section.1}% 2
\BOOKMARK [2][-]{subsection.1.2}{The Schrödinger part}{section.1}% 3
\BOOKMARK [1][-]{section.2}{Non-relativistic\040Scalar\040QED\040\(NRSQED\)\040Matching}{}% 4
\BOOKMARK [2][-]{subsection.2.1}{Feynman\040Rules}{section.2}% 5
\BOOKMARK [3][-]{subsubsection.2.1.1}{Scalar\040QED\040\(SQED\)}{subsection.2.1}% 6
\BOOKMARK [3][-]{subsubsection.2.1.2}{NRSQED-1}{subsection.2.1}% 7
\BOOKMARK [3][-]{subsubsection.2.1.3}{NRSQED}{subsection.2.1}% 8
\BOOKMARK [2][-]{subsection.2.2}{LO}{section.2}% 9
\BOOKMARK [3][-]{subsubsection.2.2.1}{SQED}{subsection.2.2}% 10
\BOOKMARK [3][-]{subsubsection.2.2.2}{NRSQED}{subsection.2.2}% 11
\BOOKMARK [2][-]{subsection.2.3}{NLO}{section.2}% 12
\BOOKMARK [3][-]{subsubsection.2.3.1}{SQED}{subsection.2.3}% 13
\BOOKMARK [3][-]{subsubsection.2.3.2}{NRSQED}{subsection.2.3}% 14
\BOOKMARK [1][-]{section.3}{Local\040Operator\040and\040Matrix\040Element\040of\040NRSQED}{}% 15
\BOOKMARK [2][-]{subsection.3.1}{LO}{section.3}% 16
\BOOKMARK [2][-]{subsection.3.2}{NLO}{section.3}% 17
\BOOKMARK [2][-]{subsection.3.3}{NNLO}{section.3}% 18
\BOOKMARK [1][-]{section*.1}{Appendices}{}% 19
\BOOKMARK [1][-]{Appendix.A}{Useful\040formulas\040in\040Feynman\040integrals}{}% 20
\BOOKMARK [1][-]{Appendix.B}{<++>}{}% 21
