mktextfm Arial
mktextfm Arial
mktextfm Arial
mktextfm Arial/BI
mktextfm Arial
mktextfm Arial/B
mktextfm Arial
mktextfm Arial/I
mktextfm Arial
mktextfm Arial
mktextfm SimSun/OT
mktextfm SimSun/OT
mktextfm KaiTi/OT
mktextfm KaiTi/B/OT
mktextfm SimHei/OT
mktextfm SimHei/I/OT
mktextfm SimSun/OT
mktextfm SimSun/BI/OT
mktextfm SimSun/OT
mktextfm SimSun/OT
mktextfm SimHei/OT
mktextfm SimHei/OT
mktextfm KaiTi/OT
mktextfm KaiTi/OT
mktextfm song
mktextfm song
mktextfm song
mktextfm song/BI
mktextfm song
mktextfm song/B
mktextfm song
mktextfm song/I
mktextfm song
mktextfm song
mktextfm song
mktextfm Arial
mktextfm Arial
mktextfm Arial
mktextfm Arial/BI
mktextfm Arial
mktextfm Arial/B
mktextfm Arial
mktextfm Arial/I
mktextfm Arial
mktextfm Arial
mktextfm SimSun/OT
mktextfm SimSun/OT
mktextfm KaiTi/OT
mktextfm KaiTi/B/OT
mktextfm SimHei/OT
mktextfm SimHei/I/OT
mktextfm SimSun/OT
mktextfm SimSun/BI/OT
mktextfm SimSun/OT
mktextfm SimSun/OT
mktextfm SimHei/OT
mktextfm SimHei/OT
mktextfm KaiTi/OT
mktextfm KaiTi/OT
mktextfm song
mktextfm song
mktextfm song
mktextfm song
mktextfm song
mktextfm song
mktextfm song
mktextfm song
mktextfm song
mktextfm song
mktextfm song
mktextfm Simsun
mktextfm Simsun
mktextfm Simsun
mktextfm Simsun/BI
mktextfm Simsun
mktextfm Simsun/B
mktextfm Simsun
mktextfm Simsun/I
mktextfm Simsun
mktextfm Simsun
mktextfm Simsun
mktextfm SimSun/OT
mktextfm SimSun/OT
mktextfm SimSun/OT
mktextfm SimSun/BI/OT
mktextfm SimSun/OT
mktextfm SimSun/OT
mktextfm Simsun
mktextfm Simsun
mktextfm Simsun
mktextfm Simsun
mktextfm Simsun
mktextfm Simsun
mktextfm Simsun
mktextfm Simsun
mktextfm Simsun
mktextfm Simsun
mktextfm Simsun
mktextfm SimSun
mktextfm SimSun
mktextfm SimSun
mktextfm SimSun/BI
mktextfm SimSun
mktextfm SimSun/B
mktextfm SimSun
mktextfm SimSun/I
mktextfm SimSun
mktextfm SimSun
mktextfm SimSun
mktextfm SimSun/OT
mktextfm SimSun/OT
mktextfm SimSun/OT
mktextfm SimSun/BI/OT
mktextfm SimSun/OT
mktextfm SimSun/OT
mktextfm SimSun
mktextfm SimSun
mktextfm SimSun
mktextfm SimSun
mktextfm SimSun
mktextfm SimSun
mktextfm SimSun
mktextfm SimSun
mktextfm SimSun
mktextfm SimSun
mktextfm SimSun
mktextfm SimSun/OT
mktextfm SimSun/OT
mktextfm SimSun/OT
mktextfm SimSun/BI/OT
mktextfm SimSun/OT
mktextfm SimSun/OT
mktextfm SimSun/OT
mktextfm SimSun/OT
mktextfm SimSun/OT
mktextfm SimSun/BI/OT
mktextfm SimSun/OT
mktextfm SimSun/OT
